<?xml version="1.0" encoding="UTF-8"?>
<testng-results ignored="0" total="1" passed="1" failed="0" skipped="0">
  <reporter-output>
  </reporter-output>
  <suite started-at="2023-03-13T23:24:23 EDT" name="Default suite" finished-at="2023-03-13T23:24:38 EDT" duration-ms="14895">
    <groups>
    </groups>
    <test started-at="2023-03-13T23:24:23 EDT" name="Default test" finished-at="2023-03-13T23:24:38 EDT" duration-ms="14895">
      <class name="com.cdd.scenarios.CascadingDropdownScenarios">
        <test-method signature="cascadingDropdownScenarios()[pri:0, instance:com.cdd.scenarios.CascadingDropdownScenarios@123ef382]" started-at="2023-03-13T23:24:23 EDT" name="cascadingDropdownScenarios" finished-at="2023-03-13T23:24:38 EDT" duration-ms="14870" status="PASS">
          <reporter-output>
          </reporter-output>
        </test-method> <!-- cascadingDropdownScenarios -->
      </class> <!-- com.cdd.scenarios.CascadingDropdownScenarios -->
    </test> <!-- Default test -->
  </suite> <!-- Default suite -->
</testng-results>
